<?xml version="1.0" encoding="UTF-8"?>
<testng-results ignored="0" total="1" passed="1" failed="0" skipped="0">
  <reporter-output>
  </reporter-output>
  <suite started-at="2024-07-20T20:00:53 EDT" name="Default suite" finished-at="2024-07-20T20:00:57 EDT" duration-ms="4593">
    <groups>
    </groups>
    <test started-at="2024-07-20T20:00:53 EDT" name="Default test" finished-at="2024-07-20T20:00:57 EDT" duration-ms="4593">
      <class name="Jenkins_Sample.Jenkins_Git">
        <test-method signature="test_Sample()[pri:0, instance:Jenkins_Sample.Jenkins_Git@27ce24aa]" started-at="2024-07-20T20:00:53 EDT" name="test_Sample" finished-at="2024-07-20T20:00:57 EDT" duration-ms="4551" status="PASS">
          <reporter-output>
          </reporter-output>
        </test-method> <!-- test_Sample -->
      </class> <!-- Jenkins_Sample.Jenkins_Git -->
    </test> <!-- Default test -->
  </suite> <!-- Default suite -->
</testng-results>
